<?xml version="1.0" encoding="UTF-8"?>
<!-- Generated by org.testng.reporters.JUnitXMLReporter -->
<testsuite ignored="0" hostname="LTIN654098" failures="1" tests="1" name="Test" time="25.662" errors="0" timestamp="2025-12-30T11:35:26 IST">
  <testcase classname="crm.opencart.test.TC_RF_001" name="accountRegisteration" time="18.17">
    <failure type="java.lang.AssertionError" message="null">
      <![CDATA[java.lang.AssertionError: null
at crm.opencart.test.TC_RF_001.accountRegisteration(TC_RF_001.java:58)
at java.base/java.util.ArrayList.forEach(ArrayList.java:1596)
... Removed 27 stack frames]]>
    </failure>
  </testcase> <!-- accountRegisteration -->
</testsuite> <!-- Test -->
